<?xml version="1.0" encoding="UTF-8"?>
<!-- Generated by org.testng.reporters.JUnitReportReporter -->
<testsuite hostname="LAPTOP-D14572JH" failures="0" tests="7" name="Guest_User.TC_ID_06" time="74.338" errors="0" timestamp="2023-09-21T16:32:44 IST" skipped="0">
  <testcase classname="Guest_User.TC_ID_06" name="TC_ID_06_01" time="5.130"/>
  <testcase classname="Guest_User.TC_ID_06" name="Guest_User" time="10.560"/>
  <testcase classname="Guest_User.TC_ID_06" name="TC_ID_06_03" time="6.010"/>
  <testcase classname="Guest_User.TC_ID_06" name="TC_ID_06_05" time="1.106"/>
  <testcase classname="Guest_User.TC_ID_06" name="TC_ID_06_04" time="30.201"/>
  <testcase classname="Guest_User.TC_ID_06" name="TC_ID_06_02" time="10.024"/>
  <testcase classname="Guest_User.TC_ID_06" name="TC_ID_06_06" time="11.307"/>
</testsuite> <!-- Guest_User.TC_ID_06 -->
