<?xml version="1.0" encoding="UTF-8"?>
<!-- Generated by org.testng.reporters.JUnitReportReporter -->
<testsuite hostname="LAPTOP-D14572JH" failures="0" tests="4" name="Existing_User.TC_ID_05" time="30.243" errors="0" timestamp="2023-09-21T17:22:37 IST" skipped="0">
  <testcase classname="Existing_User.TC_ID_05" name="AppLogin" time="5.494"/>
  <testcase classname="Existing_User.TC_ID_05" name="TC_ID_04_02" time="12.976"/>
  <testcase classname="Existing_User.TC_ID_05" name="TC_ID_04_01" time="0.006"/>
  <testcase classname="Existing_User.TC_ID_05" name="TC_ID_04_03" time="11.767"/>
</testsuite> <!-- Existing_User.TC_ID_05 -->
