<?xml version="1.0" encoding="UTF-8"?>
<!-- Generated by org.testng.reporters.JUnitReportReporter -->
<testsuite hostname="LAPTOP-D14572JH" failures="0" tests="1" name="Launch_App.Login_User1" time="38.645" errors="0" timestamp="2023-09-28T13:52:15 IST" skipped="0">
  <testcase classname="Launch_App.Login_User1" name="Login_User1_Seller" time="38.645"/>
</testsuite> <!-- Launch_App.Login_User1 -->
