<?xml version="1.0" encoding="UTF-8"?>
<!-- Generated by org.testng.reporters.JUnitReportReporter -->
<testsuite hostname="LAPTOP-D14572JH" failures="0" tests="7" name="Existing_User.TC_ID_04_and_05" time="98.647" errors="0" timestamp="2023-10-17T16:58:32 IST" skipped="0">
  <testcase classname="Existing_User.TC_ID_04_and_05" name="TC_ID_05_03" time="5.997"/>
  <testcase classname="Existing_User.TC_ID_04_and_05" name="AppLogin" time="18.025"/>
  <testcase classname="Existing_User.TC_ID_04_and_05" name="TC_ID_04_03" time="11.885"/>
  <testcase classname="Existing_User.TC_ID_04_and_05" name="TC_ID_04_02" time="14.451"/>
  <testcase classname="Existing_User.TC_ID_04_and_05" name="TC_ID_05_02" time="6.539"/>
  <testcase classname="Existing_User.TC_ID_04_and_05" name="TC_ID_05_01" time="5.745"/>
  <testcase classname="Existing_User.TC_ID_04_and_05" name="TC_ID_04_01" time="36.005"/>
</testsuite> <!-- Existing_User.TC_ID_04_and_05 -->
