<?xml version="1.0" encoding="UTF-8"?>
<!-- Generated by org.testng.reporters.JUnitReportReporter -->
<testsuite hostname="LAPTOP-D14572JH" failures="0" tests="13" name="Menu.TC_ID_24" time="1166.911" errors="0" timestamp="2023-10-09T18:43:30 IST" skipped="0">
  <testcase classname="Menu.TC_ID_24" name="TC_ID_24_06" time="102.975"/>
  <testcase classname="Menu.TC_ID_24" name="TC_ID_24_11" time="90.488"/>
  <testcase classname="Menu.TC_ID_24" name="TC_ID_24_02" time="80.444"/>
  <testcase classname="Menu.TC_ID_24" name="TC_ID_24_10" time="119.969"/>
  <testcase classname="Menu.TC_ID_24" name="TC_ID_24_04" time="106.024"/>
  <testcase classname="Menu.TC_ID_24" name="TC_ID_24_05" time="124.687"/>
  <testcase classname="Menu.TC_ID_24" name="Login" time="41.155"/>
  <testcase classname="Menu.TC_ID_24" name="TC_ID_24_08" time="78.669"/>
  <testcase classname="Menu.TC_ID_24" name="TC_ID_24_12" time="87.756"/>
  <testcase classname="Menu.TC_ID_24" name="TC_ID_24_01" time="28.188"/>
  <testcase classname="Menu.TC_ID_24" name="TC_ID_24_03" time="111.850"/>
  <testcase classname="Menu.TC_ID_24" name="TC_ID_24_09" time="95.952"/>
  <testcase classname="Menu.TC_ID_24" name="TC_ID_24_07" time="98.754"/>
</testsuite> <!-- Menu.TC_ID_24 -->
