<?xml version="1.0" encoding="UTF-8"?>
<!-- Generated by org.testng.reporters.JUnitReportReporter -->
<testsuite hostname="LAPTOP-D14572JH" failures="0" tests="11" name="Menu.TC_ID_23" time="1114.682" errors="0" timestamp="2023-10-07T16:11:22 IST" skipped="0">
  <testcase classname="Menu.TC_ID_23" name="TC_ID_23_04" time="122.373"/>
  <testcase classname="Menu.TC_ID_23" name="TC_ID_23_01" time="39.090"/>
  <testcase classname="Menu.TC_ID_23" name="TC_ID_23_08" time="98.290"/>
  <testcase classname="Menu.TC_ID_23" name="TC_ID_23_05" time="145.250"/>
  <testcase classname="Menu.TC_ID_23" name="TC_ID_23_06" time="145.217"/>
  <testcase classname="Menu.TC_ID_23" name="TC_ID_23_07" time="92.349"/>
  <testcase classname="Menu.TC_ID_23" name="TC_ID_23_03" time="102.135"/>
  <testcase classname="Menu.TC_ID_23" name="TC_ID_23_10" time="133.720"/>
  <testcase classname="Menu.TC_ID_23" name="TC_ID_23_02" time="82.840"/>
  <testcase classname="Menu.TC_ID_23" name="Login" time="48.793"/>
  <testcase classname="Menu.TC_ID_23" name="TC_ID_23_09" time="104.625"/>
</testsuite> <!-- Menu.TC_ID_23 -->
