<?xml version="1.0" encoding="UTF-8"?>
<!-- Generated by org.testng.reporters.JUnitReportReporter -->
<testsuite hostname="LAPTOP-D14572JH" failures="0" tests="2" name="Menu.TC_ID_19" time="185.712" errors="0" timestamp="2023-10-16T19:04:44 IST" skipped="0">
  <testcase classname="Menu.TC_ID_19" name="TC_ID_18_01" time="132.464"/>
  <testcase classname="Menu.TC_ID_19" name="Login" time="53.248"/>
</testsuite> <!-- Menu.TC_ID_19 -->
