<?xml version="1.0" encoding="UTF-8"?>
<!-- Generated by org.testng.reporters.JUnitReportReporter -->
<testsuite hostname="LAPTOP-D14572JH" failures="0" tests="2" name="Menu.TC_ID_17" time="204.450" errors="0" timestamp="2023-10-13T14:52:53 IST" skipped="0">
  <testcase classname="Menu.TC_ID_17" name="TC_ID_17_01" time="149.155"/>
  <testcase classname="Menu.TC_ID_17" name="Login" time="55.295"/>
</testsuite> <!-- Menu.TC_ID_17 -->
