<?xml version="1.0" encoding="UTF-8"?>
<!-- Generated by org.testng.reporters.JUnitReportReporter -->
<testsuite hostname="LAPTOP-D14572JH" failures="0" tests="7" name="Existing_User.TC_ID_04" time="41.251" errors="0" timestamp="2023-09-21T17:42:06 IST" skipped="0">
  <testcase classname="Existing_User.TC_ID_04" name="TC_ID_04_02" time="12.219"/>
  <testcase classname="Existing_User.TC_ID_04" name="TC_ID_05_01" time="5.219"/>
  <testcase classname="Existing_User.TC_ID_04" name="TC_ID_04_01" time="0.003"/>
  <testcase classname="Existing_User.TC_ID_04" name="TC_ID_05_03" time="6.017"/>
  <testcase classname="Existing_User.TC_ID_04" name="TC_ID_05_02" time="5.690"/>
  <testcase classname="Existing_User.TC_ID_04" name="AppLogin" time="5.340"/>
  <testcase classname="Existing_User.TC_ID_04" name="TC_ID_04_03" time="6.763"/>
</testsuite> <!-- Existing_User.TC_ID_04 -->
