<?xml version="1.0" encoding="UTF-8"?>
<!-- Generated by org.testng.reporters.JUnitReportReporter -->
<testsuite hostname="LAPTOP-D14572JH" failures="0" tests="22" name="Profile.TC_ID_29_01" time="357.714" errors="0" timestamp="2023-09-26T20:15:23 IST" skipped="0">
  <testcase classname="Profile.TC_ID_29_01" name="TC_ID_29_12" time="15.018"/>
  <testcase classname="Profile.TC_ID_29_01" name="TC_ID_04_01" time="0.002"/>
  <testcase classname="Profile.TC_ID_29_01" name="TC_ID_04_02" time="12.469"/>
  <testcase classname="Profile.TC_ID_29_01" name="TC_ID_29_10" time="29.418"/>
  <testcase classname="Profile.TC_ID_29_01" name="TC_ID_04_03" time="6.546"/>
  <testcase classname="Profile.TC_ID_29_01" name="TC_ID_29_13" time="5.183"/>
  <testcase classname="Profile.TC_ID_29_01" name="TC_ID_29_15" time="5.197"/>
  <testcase classname="Profile.TC_ID_29_01" name="AppLogin" time="5.313"/>
  <testcase classname="Profile.TC_ID_29_01" name="TC_ID_29_05" time="28.012"/>
  <testcase classname="Profile.TC_ID_29_01" name="TC_ID_05_01" time="5.683"/>
  <testcase classname="Profile.TC_ID_29_01" name="TC_ID_29_09" time="24.849"/>
  <testcase classname="Profile.TC_ID_29_01" name="Profile" time="13.587"/>
  <testcase classname="Profile.TC_ID_29_01" name="TC_ID_29_06" time="5.248"/>
  <testcase classname="Profile.TC_ID_29_01" name="TC_ID_29_14" time="7.160"/>
  <testcase classname="Profile.TC_ID_29_01" name="TC_ID_29_02" time="40.267"/>
  <testcase classname="Profile.TC_ID_29_01" name="TC_ID_05_02" time="6.290"/>
  <testcase classname="Profile.TC_ID_29_01" name="TC_ID_29_07" time="27.154"/>
  <testcase classname="Profile.TC_ID_29_01" name="TC_ID_05_03" time="5.974"/>
  <testcase classname="Profile.TC_ID_29_01" name="TC_ID_29_04" time="69.753"/>
  <testcase classname="Profile.TC_ID_29_01" name="TC_ID_29_08" time="31.662"/>
  <testcase classname="Profile.TC_ID_29_01" name="TC_ID_29_11" time="1.759"/>
  <testcase classname="Profile.TC_ID_29_01" name="TC_ID_29_03" time="11.170"/>
</testsuite> <!-- Profile.TC_ID_29_01 -->
