<?xml version="1.0" encoding="UTF-8"?>
<!-- Generated by org.testng.reporters.JUnitReportReporter -->
<testsuite hostname="LAPTOP-D14572JH" failures="0" tests="3" name="Menu.TC_ID_23C" time="173.060" errors="0" timestamp="2023-10-07T15:47:04 IST" skipped="0">
  <testcase classname="Menu.TC_ID_23C" name="TC_ID_23_02" time="94.416"/>
  <testcase classname="Menu.TC_ID_23C" name="TC_ID_23_01" time="32.439"/>
  <testcase classname="Menu.TC_ID_23C" name="Login" time="46.205"/>
</testsuite> <!-- Menu.TC_ID_23C -->
